<?xml version="1.0" encoding="UTF-8"?>
<!-- Generated by org.testng.reporters.JUnitReportReporter -->
<testsuite hostname="DESKTOP-QV5VV6U" failures="0" tests="1" name="com.chat.qa.testcases.ExplainChatbotTest" time="23.914" errors="0" timestamp="2023-04-12T23:04:20 EDT" skipped="0">
  <testcase classname="com.chat.qa.testcases.ExplainChatbotTest" name="verifyclickExplainChat" time="23.914"/>
  <system-out/>
</testsuite> <!-- com.chat.qa.testcases.ExplainChatbotTest -->
